<?xml version="1.0" encoding="UTF-8" ?>
<testsuite tests="5" failures="5" name="main.java.test.java.ViewTests.CustomerLoginTest" time="0.119" errors="0" skipped="0">
  <properties>
[...]
</properties>
  <testcase classname="main.java.test.java.ViewTests.CustomerLoginTest" name="main.java.test.java.ViewTests.CustomerLoginTest.testHandleCancel" time="0.115">
    <failure type="java.lang.reflect.InvocationTargetException">java.lang.reflect.InvocationTargetException
	at java.desktop/java.awt.EventQueue.invokeAndWait(EventQueue.java:1371)
	at java.desktop/java.awt.EventQueue.invokeAndWait(EventQueue.java:1346)
	at java.desktop/javax.swing.SwingUtilities.invokeAndWait(SwingUtilities.java:1480)
	at main.java.test.java.ViewTests.CustomerLoginTest.testHandleCancel(CustomerLoginTest.java:76)
Caused by: java.lang.NullPointerException: Cannot read field &quot;jbCancel&quot; because &quot;this.customerLogin&quot; is null
	at main.java.test.java.ViewTests.CustomerLoginTest.lambda$testHandleCancel$11(CustomerLoginTest.java:76)
	at java.desktop/java.awt.event.InvocationEvent.dispatch(InvocationEvent.java:308)
	at java.desktop/java.awt.EventQueue.dispatchEventImpl(EventQueue.java:773)
	at java.desktop/java.awt.EventQueue$4.run(EventQueue.java:720)
	at java.desktop/java.awt.EventQueue$4.run(EventQueue.java:714)
	at java.base/java.security.AccessController.doPrivileged(AccessController.java:399)
	at java.base/java.security.ProtectionDomain$JavaSecurityAccessImpl.doIntersectionPrivilege(ProtectionDomain.java:86)
	at java.desktop/java.awt.EventQueue.dispatchEvent(EventQueue.java:742)
	at java.desktop/java.awt.EventDispatchThread.pumpOneEventForFilters(EventDispatchThread.java:203)
	at java.desktop/java.awt.EventDispatchThread.pumpEventsForFilter(EventDispatchThread.java:124)
	at java.desktop/java.awt.EventDispatchThread.pumpEventsForHierarchy(EventDispatchThread.java:113)
	at java.desktop/java.awt.EventDispatchThread.pumpEvents(EventDispatchThread.java:109)
	at java.desktop/java.awt.EventDispatchThread.pumpEvents(EventDispatchThread.java:101)
	at java.desktop/java.awt.EventDispatchThread.run(EventDispatchThread.java:90)
</failure>
  </testcase>
  <testcase classname="main.java.test.java.ViewTests.CustomerLoginTest" name="main.java.test.java.ViewTests.CustomerLoginTest.testGetCustID" time="0.001">
    <failure type="java.lang.reflect.InvocationTargetException">java.lang.reflect.InvocationTargetException
	at java.desktop/java.awt.EventQueue.invokeAndWait(EventQueue.java:1371)
	at java.desktop/java.awt.EventQueue.invokeAndWait(EventQueue.java:1346)
	at java.desktop/javax.swing.SwingUtilities.invokeAndWait(SwingUtilities.java:1480)
	at main.java.test.java.ViewTests.CustomerLoginTest.testGetCustID(CustomerLoginTest.java:32)
Caused by: java.lang.NullPointerException: Cannot read field &quot;tfCustID&quot; because &quot;this.customerLogin&quot; is null
	at main.java.test.java.ViewTests.CustomerLoginTest.lambda$testGetCustID$1(CustomerLoginTest.java:32)
	at java.desktop/java.awt.event.InvocationEvent.dispatch(InvocationEvent.java:308)
	at java.desktop/java.awt.EventQueue.dispatchEventImpl(EventQueue.java:773)
	at java.desktop/java.awt.EventQueue$4.run(EventQueue.java:720)
	at java.desktop/java.awt.EventQueue$4.run(EventQueue.java:714)
	at java.base/java.security.AccessController.doPrivileged(AccessController.java:399)
	at java.base/java.security.ProtectionDomain$JavaSecurityAccessImpl.doIntersectionPrivilege(ProtectionDomain.java:86)
	at java.desktop/java.awt.EventQueue.dispatchEvent(EventQueue.java:742)
	at java.desktop/java.awt.EventDispatchThread.pumpOneEventForFilters(EventDispatchThread.java:203)
	at java.desktop/java.awt.EventDispatchThread.pumpEventsForFilter(EventDispatchThread.java:124)
	at java.desktop/java.awt.EventDispatchThread.pumpEventsForHierarchy(EventDispatchThread.java:113)
	at java.desktop/java.awt.EventDispatchThread.pumpEvents(EventDispatchThread.java:109)
	at java.desktop/java.awt.EventDispatchThread.pumpEvents(EventDispatchThread.java:101)
	at java.desktop/java.awt.EventDispatchThread.run(EventDispatchThread.java:90)
</failure>
  </testcase>
  <testcase classname="main.java.test.java.ViewTests.CustomerLoginTest" name="main.java.test.java.ViewTests.CustomerLoginTest.testGetCNIC" time="0.001">
    <failure type="java.lang.reflect.InvocationTargetException">java.lang.reflect.InvocationTargetException
	at java.desktop/java.awt.EventQueue.invokeAndWait(EventQueue.java:1371)
	at java.desktop/java.awt.EventQueue.invokeAndWait(EventQueue.java:1346)
	at java.desktop/javax.swing.SwingUtilities.invokeAndWait(SwingUtilities.java:1480)
	at main.java.test.java.ViewTests.CustomerLoginTest.testGetCNIC(CustomerLoginTest.java:38)
Caused by: java.lang.NullPointerException: Cannot read field &quot;tfCNIC&quot; because &quot;this.customerLogin&quot; is null
	at main.java.test.java.ViewTests.CustomerLoginTest.lambda$testGetCNIC$3(CustomerLoginTest.java:38)
	at java.desktop/java.awt.event.InvocationEvent.dispatch(InvocationEvent.java:308)
	at java.desktop/java.awt.EventQueue.dispatchEventImpl(EventQueue.java:773)
	at java.desktop/java.awt.EventQueue$4.run(EventQueue.java:720)
	at java.desktop/java.awt.EventQueue$4.run(EventQueue.java:714)
	at java.base/java.security.AccessController.doPrivileged(AccessController.java:399)
	at java.base/java.security.ProtectionDomain$JavaSecurityAccessImpl.doIntersectionPrivilege(ProtectionDomain.java:86)
	at java.desktop/java.awt.EventQueue.dispatchEvent(EventQueue.java:742)
	at java.desktop/java.awt.EventDispatchThread.pumpOneEventForFilters(EventDispatchThread.java:203)
	at java.desktop/java.awt.EventDispatchThread.pumpEventsForFilter(EventDispatchThread.java:124)
	at java.desktop/java.awt.EventDispatchThread.pumpEventsForHierarchy(EventDispatchThread.java:113)
	at java.desktop/java.awt.EventDispatchThread.pumpEvents(EventDispatchThread.java:109)
	at java.desktop/java.awt.EventDispatchThread.pumpEvents(EventDispatchThread.java:101)
	at java.desktop/java.awt.EventDispatchThread.run(EventDispatchThread.java:90)
</failure>
  </testcase>
  <testcase classname="main.java.test.java.ViewTests.CustomerLoginTest" name="main.java.test.java.ViewTests.CustomerLoginTest.testHandleLoginSuccess" time="0.001">
    <failure type="java.lang.reflect.InvocationTargetException">java.lang.reflect.InvocationTargetException
	at java.desktop/java.awt.EventQueue.invokeAndWait(EventQueue.java:1371)
	at java.desktop/java.awt.EventQueue.invokeAndWait(EventQueue.java:1346)
	at java.desktop/javax.swing.SwingUtilities.invokeAndWait(SwingUtilities.java:1480)
	at main.java.test.java.ViewTests.CustomerLoginTest.testHandleLoginSuccess(CustomerLoginTest.java:44)
Caused by: java.lang.NullPointerException: Cannot read field &quot;tfCustID&quot; because &quot;this.customerLogin&quot; is null
	at main.java.test.java.ViewTests.CustomerLoginTest.lambda$testHandleLoginSuccess$5(CustomerLoginTest.java:45)
	at java.desktop/java.awt.event.InvocationEvent.dispatch(InvocationEvent.java:308)
	at java.desktop/java.awt.EventQueue.dispatchEventImpl(EventQueue.java:773)
	at java.desktop/java.awt.EventQueue$4.run(EventQueue.java:720)
	at java.desktop/java.awt.EventQueue$4.run(EventQueue.java:714)
	at java.base/java.security.AccessController.doPrivileged(AccessController.java:399)
	at java.base/java.security.ProtectionDomain$JavaSecurityAccessImpl.doIntersectionPrivilege(ProtectionDomain.java:86)
	at java.desktop/java.awt.EventQueue.dispatchEvent(EventQueue.java:742)
	at java.desktop/java.awt.EventDispatchThread.pumpOneEventForFilters(EventDispatchThread.java:203)
	at java.desktop/java.awt.EventDispatchThread.pumpEventsForFilter(EventDispatchThread.java:124)
	at java.desktop/java.awt.EventDispatchThread.pumpEventsForHierarchy(EventDispatchThread.java:113)
	at java.desktop/java.awt.EventDispatchThread.pumpEvents(EventDispatchThread.java:109)
	at java.desktop/java.awt.EventDispatchThread.pumpEvents(EventDispatchThread.java:101)
	at java.desktop/java.awt.EventDispatchThread.run(EventDispatchThread.java:90)
</failure>
  </testcase>
  <testcase classname="main.java.test.java.ViewTests.CustomerLoginTest" name="main.java.test.java.ViewTests.CustomerLoginTest.testHandleLoginFailure" time="0.001">
    <failure type="java.lang.reflect.InvocationTargetException">java.lang.reflect.InvocationTargetException
	at java.desktop/java.awt.EventQueue.invokeAndWait(EventQueue.java:1371)
	at java.desktop/java.awt.EventQueue.invokeAndWait(EventQueue.java:1346)
	at java.desktop/javax.swing.SwingUtilities.invokeAndWait(SwingUtilities.java:1480)
	at main.java.test.java.ViewTests.CustomerLoginTest.testHandleLoginFailure(CustomerLoginTest.java:60)
Caused by: java.lang.NullPointerException: Cannot read field &quot;tfCustID&quot; because &quot;this.customerLogin&quot; is null
	at main.java.test.java.ViewTests.CustomerLoginTest.lambda$testHandleLoginFailure$8(CustomerLoginTest.java:61)
	at java.desktop/java.awt.event.InvocationEvent.dispatch(InvocationEvent.java:308)
	at java.desktop/java.awt.EventQueue.dispatchEventImpl(EventQueue.java:773)
	at java.desktop/java.awt.EventQueue$4.run(EventQueue.java:720)
	at java.desktop/java.awt.EventQueue$4.run(EventQueue.java:714)
	at java.base/java.security.AccessController.doPrivileged(AccessController.java:399)
	at java.base/java.security.ProtectionDomain$JavaSecurityAccessImpl.doIntersectionPrivilege(ProtectionDomain.java:86)
	at java.desktop/java.awt.EventQueue.dispatchEvent(EventQueue.java:742)
	at java.desktop/java.awt.EventDispatchThread.pumpOneEventForFilters(EventDispatchThread.java:203)
	at java.desktop/java.awt.EventDispatchThread.pumpEventsForFilter(EventDispatchThread.java:124)
	at java.desktop/java.awt.EventDispatchThread.pumpEventsForHierarchy(EventDispatchThread.java:113)
	at java.desktop/java.awt.EventDispatchThread.pumpEvents(EventDispatchThread.java:109)
	at java.desktop/java.awt.EventDispatchThread.pumpEvents(EventDispatchThread.java:101)
	at java.desktop/java.awt.EventDispatchThread.run(EventDispatchThread.java:90)
</failure>
  </testcase>
</testsuite>