<?xml version="1.0" encoding="UTF-8"?>
<testsuite xmlns:xsi="http://www.w3.org/2001/XMLSchema-instance" xsi:noNamespaceSchemaLocation="https://maven.apache.org/surefire/maven-surefire-plugin/xsd/surefire-test-report-3.0.xsd" version="3.0" name="ModelTests.TarrifTaxTest" time="0.067" tests="6" errors="0" skipped="0" failures="0">
  <properties>
[...]
</properties>
  <testcase name="testConstructorWithRegularUnitPriceOnly" classname="ModelTests.TarrifTaxTest" time="0.031"/>
  <testcase name="testSetAndGetPercentageOfTax" classname="ModelTests.TarrifTaxTest" time="0.002"/>
  <testcase name="testConstructorWithPeakHourUnitPrice" classname="ModelTests.TarrifTaxTest" time="0.002"/>
  <testcase name="testSetAndGetRegularUnitPrice" classname="ModelTests.TarrifTaxTest" time="0.001"/>
  <testcase name="testSetAndGetPeakHourUnitPrice" classname="ModelTests.TarrifTaxTest" time="0.001"/>
  <testcase name="testSetAndGetFixedCharges" classname="ModelTests.TarrifTaxTest" time="0.001"/>
</testsuite>