<?xml version="1.0" encoding="UTF-8"?>
<testsuite xmlns:xsi="http://www.w3.org/2001/XMLSchema-instance" xsi:noNamespaceSchemaLocation="https://maven.apache.org/surefire/maven-surefire-plugin/xsd/surefire-test-report-3.0.xsd" version="3.0" name="ViewTests.EmployeeMenuTest" time="1.089" tests="1" errors="0" skipped="0" failures="1">
  <properties>
[...]
</properties>
  <testcase name="testViewExpiringCNICReportButton" classname="ViewTests.EmployeeMenuTest" time="1.06">
    <failure message="&#10;No interactions wanted here:&#10;-&gt; at ViewTests.EmployeeMenuTest.testViewExpiringCNICReportButton(EmployeeMenuTest.java:105)&#10;But found these interactions on mock &apos;employeeController&apos;:&#10;-&gt; at View.EmployeeViewExpiringCNICReport.&lt;init&gt;(EmployeeViewExpiringCNICReport.java:43)&#10;Actually, above is the only interaction with this mock." type="org.mockito.exceptions.verification.NoInteractionsWanted"><![CDATA[org.mockito.exceptions.verification.NoInteractionsWanted: 

No interactions wanted here:
-> at ViewTests.EmployeeMenuTest.testViewExpiringCNICReportButton(EmployeeMenuTest.java:105)
But found these interactions on mock 'employeeController':
-> at View.EmployeeViewExpiringCNICReport.<init>(EmployeeViewExpiringCNICReport.java:43)
Actually, above is the only interaction with this mock.
	at ViewTests.EmployeeMenuTest.testViewExpiringCNICReportButton(EmployeeMenuTest.java:105)
	at java.base/java.lang.reflect.Method.invoke(Method.java:569)
	at java.base/java.util.ArrayList.forEach(ArrayList.java:1511)
	at java.base/java.util.ArrayList.forEach(ArrayList.java:1511)
]]></failure>
  </testcase>
</testsuite>