<?xml version="1.0" encoding="UTF-8"?>
<testsuite xmlns:xsi="http://www.w3.org/2001/XMLSchema-instance" xsi:noNamespaceSchemaLocation="https://maven.apache.org/surefire/maven-surefire-plugin/xsd/surefire-test-report-3.0.xsd" version="3.0" name="tests.ViewTests.EmployeeMenuTest" time="2.046" tests="9" errors="1" skipped="0" failures="5">
  <properties>
[...]
</properties>
  <testcase name="testLogoutButton" classname="tests.ViewTests.EmployeeMenuTest" time="1.001"/>
  <testcase name="testViewCustomersButton" classname="tests.ViewTests.EmployeeMenuTest" time="0.187">
    <failure message="&#10;No interactions wanted here:&#10;-&gt; at tests.ViewTests.EmployeeMenuTest.testViewCustomersButton(EmployeeMenuTest.java:77)&#10;But found these interactions on mock &apos;employeeController&apos;:&#10;-&gt; at View.EmployeeViewCustomers.&lt;init&gt;(EmployeeViewCustomers.java:48)&#10;Actually, above is the only interaction with this mock." type="org.mockito.exceptions.verification.NoInteractionsWanted"><![CDATA[org.mockito.exceptions.verification.NoInteractionsWanted: 

No interactions wanted here:
-> at tests.ViewTests.EmployeeMenuTest.testViewCustomersButton(EmployeeMenuTest.java:77)
But found these interactions on mock 'employeeController':
-> at View.EmployeeViewCustomers.<init>(EmployeeViewCustomers.java:48)
Actually, above is the only interaction with this mock.
	at tests.ViewTests.EmployeeMenuTest.testViewCustomersButton(EmployeeMenuTest.java:77)
	at java.base/java.lang.reflect.Method.invoke(Method.java:569)
	at java.base/java.util.ArrayList.forEach(ArrayList.java:1511)
	at java.base/java.util.ArrayList.forEach(ArrayList.java:1511)
]]></failure>
  </testcase>
  <testcase name="testChangePasswordButton" classname="tests.ViewTests.EmployeeMenuTest" time="0.123">
    <failure message="&#10;No interactions wanted here:&#10;-&gt; at tests.ViewTests.EmployeeMenuTest.testChangePasswordButton(EmployeeMenuTest.java:113)&#10;But found these interactions on mock &apos;employeeController&apos;:&#10;-&gt; at View.EmployeeChangePassword.init(EmployeeChangePassword.java:52)&#10;Actually, above is the only interaction with this mock." type="org.mockito.exceptions.verification.NoInteractionsWanted"><![CDATA[org.mockito.exceptions.verification.NoInteractionsWanted: 

No interactions wanted here:
-> at tests.ViewTests.EmployeeMenuTest.testChangePasswordButton(EmployeeMenuTest.java:113)
But found these interactions on mock 'employeeController':
-> at View.EmployeeChangePassword.init(EmployeeChangePassword.java:52)
Actually, above is the only interaction with this mock.
	at tests.ViewTests.EmployeeMenuTest.testChangePasswordButton(EmployeeMenuTest.java:113)
	at java.base/java.lang.reflect.Method.invoke(Method.java:569)
	at java.base/java.util.ArrayList.forEach(ArrayList.java:1511)
	at java.base/java.util.ArrayList.forEach(ArrayList.java:1511)
]]></failure>
  </testcase>
  <testcase name="testViewBillsButton" classname="tests.ViewTests.EmployeeMenuTest" time="0.133">
    <failure message="&#10;No interactions wanted here:&#10;-&gt; at tests.ViewTests.EmployeeMenuTest.testViewBillsButton(EmployeeMenuTest.java:68)&#10;But found these interactions on mock &apos;employeeController&apos;:&#10;-&gt; at View.EmployeeViewBills.&lt;init&gt;(EmployeeViewBills.java:53)&#10;Actually, above is the only interaction with this mock." type="org.mockito.exceptions.verification.NoInteractionsWanted"><![CDATA[org.mockito.exceptions.verification.NoInteractionsWanted: 

No interactions wanted here:
-> at tests.ViewTests.EmployeeMenuTest.testViewBillsButton(EmployeeMenuTest.java:68)
But found these interactions on mock 'employeeController':
-> at View.EmployeeViewBills.<init>(EmployeeViewBills.java:53)
Actually, above is the only interaction with this mock.
	at tests.ViewTests.EmployeeMenuTest.testViewBillsButton(EmployeeMenuTest.java:68)
	at java.base/java.lang.reflect.Method.invoke(Method.java:569)
	at java.base/java.util.ArrayList.forEach(ArrayList.java:1511)
	at java.base/java.util.ArrayList.forEach(ArrayList.java:1511)
]]></failure>
  </testcase>
  <testcase name="testViewExpiringCNICReportButton" classname="tests.ViewTests.EmployeeMenuTest" time="0.095">
    <failure message="&#10;No interactions wanted here:&#10;-&gt; at tests.ViewTests.EmployeeMenuTest.testViewExpiringCNICReportButton(EmployeeMenuTest.java:58)&#10;But found these interactions on mock &apos;employeeController&apos;:&#10;-&gt; at View.EmployeeViewExpiringCNICReport.&lt;init&gt;(EmployeeViewExpiringCNICReport.java:43)&#10;Actually, above is the only interaction with this mock." type="org.mockito.exceptions.verification.NoInteractionsWanted"><![CDATA[org.mockito.exceptions.verification.NoInteractionsWanted: 

No interactions wanted here:
-> at tests.ViewTests.EmployeeMenuTest.testViewExpiringCNICReportButton(EmployeeMenuTest.java:58)
But found these interactions on mock 'employeeController':
-> at View.EmployeeViewExpiringCNICReport.<init>(EmployeeViewExpiringCNICReport.java:43)
Actually, above is the only interaction with this mock.
	at tests.ViewTests.EmployeeMenuTest.testViewExpiringCNICReportButton(EmployeeMenuTest.java:58)
	at java.base/java.lang.reflect.Method.invoke(Method.java:569)
	at java.base/java.util.ArrayList.forEach(ArrayList.java:1511)
	at java.base/java.util.ArrayList.forEach(ArrayList.java:1511)
]]></failure>
  </testcase>
  <testcase name="testViewBillsReportButton" classname="tests.ViewTests.EmployeeMenuTest" time="0.124">
    <error message="Index 0 out of bounds for length 0" type="java.lang.IndexOutOfBoundsException"><![CDATA[java.lang.IndexOutOfBoundsException: Index 0 out of bounds for length 0
	at java.base/jdk.internal.util.Preconditions.outOfBounds(Preconditions.java:64)
	at java.base/jdk.internal.util.Preconditions.outOfBoundsCheckIndex(Preconditions.java:70)
	at java.base/jdk.internal.util.Preconditions.checkIndex(Preconditions.java:266)
	at java.base/java.util.Objects.checkIndex(Objects.java:361)
	at java.base/java.util.ArrayList.get(ArrayList.java:427)
	at View.EmployeeViewBillsReport.init(EmployeeViewBillsReport.java:49)
	at View.EmployeeViewBillsReport.<init>(EmployeeViewBillsReport.java:31)
	at View.EmployeeMenu.handleViewBillsReport(EmployeeMenu.java:119)
	at View.EmployeeMenu.lambda$init$0(EmployeeMenu.java:62)
	at java.desktop/javax.swing.AbstractButton.fireActionPerformed(AbstractButton.java:1972)
	at java.desktop/javax.swing.AbstractButton$Handler.actionPerformed(AbstractButton.java:2313)
	at java.desktop/javax.swing.DefaultButtonModel.fireActionPerformed(DefaultButtonModel.java:405)
	at java.desktop/javax.swing.DefaultButtonModel.setPressed(DefaultButtonModel.java:262)
	at java.desktop/javax.swing.AbstractButton.doClick(AbstractButton.java:374)
	at java.desktop/javax.swing.AbstractButton.doClick(AbstractButton.java:354)
	at tests.ViewTests.EmployeeMenuTest.lambda$testViewBillsReportButton$2(EmployeeMenuTest.java:46)
	at java.desktop/java.awt.event.InvocationEvent.dispatch(InvocationEvent.java:308)
	at java.desktop/java.awt.EventQueue.dispatchEventImpl(EventQueue.java:773)
	at java.desktop/java.awt.EventQueue$4.run(EventQueue.java:720)
	at java.desktop/java.awt.EventQueue$4.run(EventQueue.java:714)
	at java.base/java.security.AccessController.doPrivileged(AccessController.java:399)
	at java.base/java.security.ProtectionDomain$JavaSecurityAccessImpl.doIntersectionPrivilege(ProtectionDomain.java:86)
	at java.desktop/java.awt.EventQueue.dispatchEvent(EventQueue.java:742)
	at java.desktop/java.awt.EventDispatchThread.pumpOneEventForFilters(EventDispatchThread.java:203)
	at java.desktop/java.awt.EventDispatchThread.pumpEventsForFilter(EventDispatchThread.java:124)
	at java.desktop/java.awt.EventDispatchThread.pumpEventsForHierarchy(EventDispatchThread.java:113)
	at java.desktop/java.awt.EventDispatchThread.pumpEvents(EventDispatchThread.java:109)
	at java.desktop/java.awt.EventDispatchThread.pumpEvents(EventDispatchThread.java:101)
	at java.desktop/java.awt.EventDispatchThread.run(EventDispatchThread.java:90)
]]></error>
  </testcase>
  <testcase name="testAddNewMeterButton" classname="tests.ViewTests.EmployeeMenuTest" time="0.084"/>
  <testcase name="testViewTarrifInfoButton" classname="tests.ViewTests.EmployeeMenuTest" time="0.14">
    <failure message="&#10;No interactions wanted here:&#10;-&gt; at tests.ViewTests.EmployeeMenuTest.testViewTarrifInfoButton(EmployeeMenuTest.java:86)&#10;But found these interactions on mock &apos;employeeController&apos;:&#10;-&gt; at View.EmployeeViewTarrifInfo.&lt;init&gt;(EmployeeViewTarrifInfo.java:49)&#10;Actually, above is the only interaction with this mock." type="org.mockito.exceptions.verification.NoInteractionsWanted"><![CDATA[org.mockito.exceptions.verification.NoInteractionsWanted: 

No interactions wanted here:
-> at tests.ViewTests.EmployeeMenuTest.testViewTarrifInfoButton(EmployeeMenuTest.java:86)
But found these interactions on mock 'employeeController':
-> at View.EmployeeViewTarrifInfo.<init>(EmployeeViewTarrifInfo.java:49)
Actually, above is the only interaction with this mock.
	at tests.ViewTests.EmployeeMenuTest.testViewTarrifInfoButton(EmployeeMenuTest.java:86)
	at java.base/java.lang.reflect.Method.invoke(Method.java:569)
	at java.base/java.util.ArrayList.forEach(ArrayList.java:1511)
	at java.base/java.util.ArrayList.forEach(ArrayList.java:1511)
]]></failure>
  </testcase>
  <testcase name="testAddBillButton" classname="tests.ViewTests.EmployeeMenuTest" time="0.117"/>
</testsuite>