<?xml version="1.0" encoding="UTF-8"?>
<testsuite xmlns:xsi="http://www.w3.org/2001/XMLSchema-instance" xsi:noNamespaceSchemaLocation="https://maven.apache.org/surefire/maven-surefire-plugin/xsd/surefire-test-report-3.0.xsd" version="3.0" name="ModelTests.NadraDataAccessTest" time="0.034" tests="5" errors="0" skipped="0" failures="0">
  <properties>
[...]
</properties>
  <testcase name="testUpdateCNICExpiryDate" classname="ModelTests.NadraDataAccessTest" time="0.015"/>
  <testcase name="testUpdateCNICExpiryDateNotFound" classname="ModelTests.NadraDataAccessTest" time="0.002"/>
  <testcase name="testCheckCNICExpiring" classname="ModelTests.NadraDataAccessTest" time="0.003"/>
  <testcase name="testLoadNadraData" classname="ModelTests.NadraDataAccessTest" time="0.004"/>
  <testcase name="testSaveNadraData" classname="ModelTests.NadraDataAccessTest" time="0.003"/>
</testsuite>