<?xml version="1.0" encoding="UTF-8"?>
<testsuite xmlns:xsi="http://www.w3.org/2001/XMLSchema-instance" xsi:noNamespaceSchemaLocation="https://maven.apache.org/surefire/maven-surefire-plugin/xsd/surefire-test-report-3.0.xsd" version="3.0" name="tests.ViewTests.EmployeeMenuTest" time="2.046" tests="9" errors="1" skipped="0" failures="5">
  <properties>
    <property name="java.specification.version" value="17"/>
    <property name="sun.jnu.encoding" value="UTF-8"/>
    <property name="sun.awt.enableExtraMouseButtons" value="true"/>
    <property name="java.class.path" value="/home/haider/Desktop/FAST-22/SCD-A3/Lesco/target/test-classes:/home/haider/Desktop/FAST-22/SCD-A3/Lesco/target/classes:/home/haider/.m2/repository/org/junit/jupiter/junit-jupiter/5.10.0/junit-jupiter-5.10.0.jar:/home/haider/.m2/repository/org/junit/jupiter/junit-jupiter-api/5.10.0/junit-jupiter-api-5.10.0.jar:/home/haider/.m2/repository/org/opentest4j/opentest4j/1.3.0/opentest4j-1.3.0.jar:/home/haider/.m2/repository/org/junit/platform/junit-platform-commons/1.10.0/junit-platform-commons-1.10.0.jar:/home/haider/.m2/repository/org/apiguardian/apiguardian-api/1.1.2/apiguardian-api-1.1.2.jar:/home/haider/.m2/repository/org/junit/jupiter/junit-jupiter-params/5.10.0/junit-jupiter-params-5.10.0.jar:/home/haider/.m2/repository/org/junit/jupiter/junit-jupiter-engine/5.10.0/junit-jupiter-engine-5.10.0.jar:/home/haider/.m2/repository/org/junit/platform/junit-platform-engine/1.10.0/junit-platform-engine-1.10.0.jar:/home/haider/.m2/repository/org/mockito/mockito-core/5.5.0/mockito-core-5.5.0.jar:/home/haider/.m2/repository/net/bytebuddy/byte-buddy/1.14.6/byte-buddy-1.14.6.jar:/home/haider/.m2/repository/net/bytebuddy/byte-buddy-agent/1.14.6/byte-buddy-agent-1.14.6.jar:/home/haider/.m2/repository/org/objenesis/objenesis/3.3/objenesis-3.3.jar:/home/haider/.m2/repository/org/mockito/mockito-junit-jupiter/5.5.0/mockito-junit-jupiter-5.5.0.jar:"/>
    <property name="java.vm.vendor" value="Ubuntu"/>
    <property name="sun.arch.data.model" value="64"/>
    <property name="sun.font.fontmanager" value="sun.awt.X11FontManager"/>
    <property name="java.vendor.url" value="https://ubuntu.com/"/>
    <property name="user.timezone" value="Asia/Dushanbe"/>
    <property name="os.name" value="Linux"/>
    <property name="java.vm.specification.version" value="17"/>
    <property name="user.country" value="US"/>
    <property name="sun.java.launcher" value="SUN_STANDARD"/>
    <property name="sun.boot.library.path" value="/usr/lib/jvm/java-17-openjdk-amd64/lib"/>
    <property name="sun.java.command" value="/home/haider/Desktop/FAST-22/SCD-A3/Lesco/target/surefire/surefirebooter-20241203003323252_3.jar /home/haider/Desktop/FAST-22/SCD-A3/Lesco/target/surefire 2024-12-03T00-33-23_190-jvmRun1 surefire-20241203003323252_1tmp surefire_0-20241203003323252_2tmp"/>
    <property name="jdk.debug" value="release"/>
    <property name="test" value="ViewTests.EmployeeMenuTest"/>
    <property name="surefire.test.class.path" value="/home/haider/Desktop/FAST-22/SCD-A3/Lesco/target/test-classes:/home/haider/Desktop/FAST-22/SCD-A3/Lesco/target/classes:/home/haider/.m2/repository/org/junit/jupiter/junit-jupiter/5.10.0/junit-jupiter-5.10.0.jar:/home/haider/.m2/repository/org/junit/jupiter/junit-jupiter-api/5.10.0/junit-jupiter-api-5.10.0.jar:/home/haider/.m2/repository/org/opentest4j/opentest4j/1.3.0/opentest4j-1.3.0.jar:/home/haider/.m2/repository/org/junit/platform/junit-platform-commons/1.10.0/junit-platform-commons-1.10.0.jar:/home/haider/.m2/repository/org/apiguardian/apiguardian-api/1.1.2/apiguardian-api-1.1.2.jar:/home/haider/.m2/repository/org/junit/jupiter/junit-jupiter-params/5.10.0/junit-jupiter-params-5.10.0.jar:/home/haider/.m2/repository/org/junit/jupiter/junit-jupiter-engine/5.10.0/junit-jupiter-engine-5.10.0.jar:/home/haider/.m2/repository/org/junit/platform/junit-platform-engine/1.10.0/junit-platform-engine-1.10.0.jar:/home/haider/.m2/repository/org/mockito/mockito-core/5.5.0/mockito-core-5.5.0.jar:/home/haider/.m2/repository/net/bytebuddy/byte-buddy/1.14.6/byte-buddy-1.14.6.jar:/home/haider/.m2/repository/net/bytebuddy/byte-buddy-agent/1.14.6/byte-buddy-agent-1.14.6.jar:/home/haider/.m2/repository/org/objenesis/objenesis/3.3/objenesis-3.3.jar:/home/haider/.m2/repository/org/mockito/mockito-junit-jupiter/5.5.0/mockito-junit-jupiter-5.5.0.jar:"/>
    <property name="sun.cpu.endian" value="little"/>
    <property name="user.home" value="/home/haider"/>
    <property name="user.language" value="en"/>
    <property name="java.specification.vendor" value="Oracle Corporation"/>
    <property name="java.version.date" value="2024-10-15"/>
    <property name="java.home" value="/usr/lib/jvm/java-17-openjdk-amd64"/>
    <property name="file.separator" value="/"/>
    <property name="basedir" value="/home/haider/Desktop/FAST-22/SCD-A3/Lesco"/>
    <property name="java.vm.compressedOopsMode" value="32-bit"/>
    <property name="line.separator" value="&#10;"/>
    <property name="java.specification.name" value="Java Platform API Specification"/>
    <property name="java.vm.specification.vendor" value="Oracle Corporation"/>
    <property name="surefire.real.class.path" value="/home/haider/Desktop/FAST-22/SCD-A3/Lesco/target/surefire/surefirebooter-20241203003323252_3.jar"/>
    <property name="sun.management.compiler" value="HotSpot 64-Bit Tiered Compilers"/>
    <property name="java.runtime.version" value="17.0.13+11-Ubuntu-2ubuntu122.04"/>
    <property name="user.name" value="haider"/>
    <property name="path.separator" value=":"/>
    <property name="os.version" value="6.8.0-49-generic"/>
    <property name="java.runtime.name" value="OpenJDK Runtime Environment"/>
    <property name="file.encoding" value="UTF-8"/>
    <property name="java.vm.name" value="OpenJDK 64-Bit Server VM"/>
    <property name="maven.ext.class.path" value="/home/haider/.vscode/extensions/oracle.oracle-java-23.0.1/nbcode/java/maven-nblib/netbeans-eventspy.jar"/>
    <property name="localRepository" value="/home/haider/.m2/repository"/>
    <property name="java.vendor.url.bug" value="https://bugs.launchpad.net/ubuntu/+source/openjdk-17"/>
    <property name="java.io.tmpdir" value="/tmp"/>
    <property name="java.version" value="17.0.13"/>
    <property name="user.dir" value="/home/haider/Desktop/FAST-22/SCD-A3/Lesco"/>
    <property name="os.arch" value="amd64"/>
    <property name="java.vm.specification.name" value="Java Virtual Machine Specification"/>
    <property name="native.encoding" value="UTF-8"/>
    <property name="java.library.path" value="/usr/java/packages/lib:/usr/lib/x86_64-linux-gnu/jni:/lib/x86_64-linux-gnu:/usr/lib/x86_64-linux-gnu:/usr/lib/jni:/lib:/usr/lib"/>
    <property name="java.vm.info" value="mixed mode, sharing"/>
    <property name="java.vendor" value="Ubuntu"/>
    <property name="java.vm.version" value="17.0.13+11-Ubuntu-2ubuntu122.04"/>
    <property name="java.specification.maintenance.version" value="1"/>
    <property name="sun.io.unicode.encoding" value="UnicodeLittle"/>
    <property name="java.class.version" value="61.0"/>
  </properties>
  <testcase name="testLogoutButton" classname="tests.ViewTests.EmployeeMenuTest" time="1.001"/>
  <testcase name="testViewCustomersButton" classname="tests.ViewTests.EmployeeMenuTest" time="0.187">
    <failure message="&#10;No interactions wanted here:&#10;-&gt; at tests.ViewTests.EmployeeMenuTest.testViewCustomersButton(EmployeeMenuTest.java:77)&#10;But found these interactions on mock &apos;employeeController&apos;:&#10;-&gt; at View.EmployeeViewCustomers.&lt;init&gt;(EmployeeViewCustomers.java:48)&#10;Actually, above is the only interaction with this mock." type="org.mockito.exceptions.verification.NoInteractionsWanted"><![CDATA[org.mockito.exceptions.verification.NoInteractionsWanted: 

No interactions wanted here:
-> at tests.ViewTests.EmployeeMenuTest.testViewCustomersButton(EmployeeMenuTest.java:77)
But found these interactions on mock 'employeeController':
-> at View.EmployeeViewCustomers.<init>(EmployeeViewCustomers.java:48)
Actually, above is the only interaction with this mock.
	at tests.ViewTests.EmployeeMenuTest.testViewCustomersButton(EmployeeMenuTest.java:77)
	at java.base/java.lang.reflect.Method.invoke(Method.java:569)
	at java.base/java.util.ArrayList.forEach(ArrayList.java:1511)
	at java.base/java.util.ArrayList.forEach(ArrayList.java:1511)
]]></failure>
  </testcase>
  <testcase name="testChangePasswordButton" classname="tests.ViewTests.EmployeeMenuTest" time="0.123">
    <failure message="&#10;No interactions wanted here:&#10;-&gt; at tests.ViewTests.EmployeeMenuTest.testChangePasswordButton(EmployeeMenuTest.java:113)&#10;But found these interactions on mock &apos;employeeController&apos;:&#10;-&gt; at View.EmployeeChangePassword.init(EmployeeChangePassword.java:52)&#10;Actually, above is the only interaction with this mock." type="org.mockito.exceptions.verification.NoInteractionsWanted"><![CDATA[org.mockito.exceptions.verification.NoInteractionsWanted: 

No interactions wanted here:
-> at tests.ViewTests.EmployeeMenuTest.testChangePasswordButton(EmployeeMenuTest.java:113)
But found these interactions on mock 'employeeController':
-> at View.EmployeeChangePassword.init(EmployeeChangePassword.java:52)
Actually, above is the only interaction with this mock.
	at tests.ViewTests.EmployeeMenuTest.testChangePasswordButton(EmployeeMenuTest.java:113)
	at java.base/java.lang.reflect.Method.invoke(Method.java:569)
	at java.base/java.util.ArrayList.forEach(ArrayList.java:1511)
	at java.base/java.util.ArrayList.forEach(ArrayList.java:1511)
]]></failure>
  </testcase>
  <testcase name="testViewBillsButton" classname="tests.ViewTests.EmployeeMenuTest" time="0.133">
    <failure message="&#10;No interactions wanted here:&#10;-&gt; at tests.ViewTests.EmployeeMenuTest.testViewBillsButton(EmployeeMenuTest.java:68)&#10;But found these interactions on mock &apos;employeeController&apos;:&#10;-&gt; at View.EmployeeViewBills.&lt;init&gt;(EmployeeViewBills.java:53)&#10;Actually, above is the only interaction with this mock." type="org.mockito.exceptions.verification.NoInteractionsWanted"><![CDATA[org.mockito.exceptions.verification.NoInteractionsWanted: 

No interactions wanted here:
-> at tests.ViewTests.EmployeeMenuTest.testViewBillsButton(EmployeeMenuTest.java:68)
But found these interactions on mock 'employeeController':
-> at View.EmployeeViewBills.<init>(EmployeeViewBills.java:53)
Actually, above is the only interaction with this mock.
	at tests.ViewTests.EmployeeMenuTest.testViewBillsButton(EmployeeMenuTest.java:68)
	at java.base/java.lang.reflect.Method.invoke(Method.java:569)
	at java.base/java.util.ArrayList.forEach(ArrayList.java:1511)
	at java.base/java.util.ArrayList.forEach(ArrayList.java:1511)
]]></failure>
  </testcase>
  <testcase name="testViewExpiringCNICReportButton" classname="tests.ViewTests.EmployeeMenuTest" time="0.095">
    <failure message="&#10;No interactions wanted here:&#10;-&gt; at tests.ViewTests.EmployeeMenuTest.testViewExpiringCNICReportButton(EmployeeMenuTest.java:58)&#10;But found these interactions on mock &apos;employeeController&apos;:&#10;-&gt; at View.EmployeeViewExpiringCNICReport.&lt;init&gt;(EmployeeViewExpiringCNICReport.java:43)&#10;Actually, above is the only interaction with this mock." type="org.mockito.exceptions.verification.NoInteractionsWanted"><![CDATA[org.mockito.exceptions.verification.NoInteractionsWanted: 

No interactions wanted here:
-> at tests.ViewTests.EmployeeMenuTest.testViewExpiringCNICReportButton(EmployeeMenuTest.java:58)
But found these interactions on mock 'employeeController':
-> at View.EmployeeViewExpiringCNICReport.<init>(EmployeeViewExpiringCNICReport.java:43)
Actually, above is the only interaction with this mock.
	at tests.ViewTests.EmployeeMenuTest.testViewExpiringCNICReportButton(EmployeeMenuTest.java:58)
	at java.base/java.lang.reflect.Method.invoke(Method.java:569)
	at java.base/java.util.ArrayList.forEach(ArrayList.java:1511)
	at java.base/java.util.ArrayList.forEach(ArrayList.java:1511)
]]></failure>
  </testcase>
  <testcase name="testViewBillsReportButton" classname="tests.ViewTests.EmployeeMenuTest" time="0.124">
    <error message="Index 0 out of bounds for length 0" type="java.lang.IndexOutOfBoundsException"><![CDATA[java.lang.IndexOutOfBoundsException: Index 0 out of bounds for length 0
	at java.base/jdk.internal.util.Preconditions.outOfBounds(Preconditions.java:64)
	at java.base/jdk.internal.util.Preconditions.outOfBoundsCheckIndex(Preconditions.java:70)
	at java.base/jdk.internal.util.Preconditions.checkIndex(Preconditions.java:266)
	at java.base/java.util.Objects.checkIndex(Objects.java:361)
	at java.base/java.util.ArrayList.get(ArrayList.java:427)
	at View.EmployeeViewBillsReport.init(EmployeeViewBillsReport.java:49)
	at View.EmployeeViewBillsReport.<init>(EmployeeViewBillsReport.java:31)
	at View.EmployeeMenu.handleViewBillsReport(EmployeeMenu.java:119)
	at View.EmployeeMenu.lambda$init$0(EmployeeMenu.java:62)
	at java.desktop/javax.swing.AbstractButton.fireActionPerformed(AbstractButton.java:1972)
	at java.desktop/javax.swing.AbstractButton$Handler.actionPerformed(AbstractButton.java:2313)
	at java.desktop/javax.swing.DefaultButtonModel.fireActionPerformed(DefaultButtonModel.java:405)
	at java.desktop/javax.swing.DefaultButtonModel.setPressed(DefaultButtonModel.java:262)
	at java.desktop/javax.swing.AbstractButton.doClick(AbstractButton.java:374)
	at java.desktop/javax.swing.AbstractButton.doClick(AbstractButton.java:354)
	at tests.ViewTests.EmployeeMenuTest.lambda$testViewBillsReportButton$2(EmployeeMenuTest.java:46)
	at java.desktop/java.awt.event.InvocationEvent.dispatch(InvocationEvent.java:308)
	at java.desktop/java.awt.EventQueue.dispatchEventImpl(EventQueue.java:773)
	at java.desktop/java.awt.EventQueue$4.run(EventQueue.java:720)
	at java.desktop/java.awt.EventQueue$4.run(EventQueue.java:714)
	at java.base/java.security.AccessController.doPrivileged(AccessController.java:399)
	at java.base/java.security.ProtectionDomain$JavaSecurityAccessImpl.doIntersectionPrivilege(ProtectionDomain.java:86)
	at java.desktop/java.awt.EventQueue.dispatchEvent(EventQueue.java:742)
	at java.desktop/java.awt.EventDispatchThread.pumpOneEventForFilters(EventDispatchThread.java:203)
	at java.desktop/java.awt.EventDispatchThread.pumpEventsForFilter(EventDispatchThread.java:124)
	at java.desktop/java.awt.EventDispatchThread.pumpEventsForHierarchy(EventDispatchThread.java:113)
	at java.desktop/java.awt.EventDispatchThread.pumpEvents(EventDispatchThread.java:109)
	at java.desktop/java.awt.EventDispatchThread.pumpEvents(EventDispatchThread.java:101)
	at java.desktop/java.awt.EventDispatchThread.run(EventDispatchThread.java:90)
]]></error>
  </testcase>
  <testcase name="testAddNewMeterButton" classname="tests.ViewTests.EmployeeMenuTest" time="0.084"/>
  <testcase name="testViewTarrifInfoButton" classname="tests.ViewTests.EmployeeMenuTest" time="0.14">
    <failure message="&#10;No interactions wanted here:&#10;-&gt; at tests.ViewTests.EmployeeMenuTest.testViewTarrifInfoButton(EmployeeMenuTest.java:86)&#10;But found these interactions on mock &apos;employeeController&apos;:&#10;-&gt; at View.EmployeeViewTarrifInfo.&lt;init&gt;(EmployeeViewTarrifInfo.java:49)&#10;Actually, above is the only interaction with this mock." type="org.mockito.exceptions.verification.NoInteractionsWanted"><![CDATA[org.mockito.exceptions.verification.NoInteractionsWanted: 

No interactions wanted here:
-> at tests.ViewTests.EmployeeMenuTest.testViewTarrifInfoButton(EmployeeMenuTest.java:86)
But found these interactions on mock 'employeeController':
-> at View.EmployeeViewTarrifInfo.<init>(EmployeeViewTarrifInfo.java:49)
Actually, above is the only interaction with this mock.
	at tests.ViewTests.EmployeeMenuTest.testViewTarrifInfoButton(EmployeeMenuTest.java:86)
	at java.base/java.lang.reflect.Method.invoke(Method.java:569)
	at java.base/java.util.ArrayList.forEach(ArrayList.java:1511)
	at java.base/java.util.ArrayList.forEach(ArrayList.java:1511)
]]></failure>
  </testcase>
  <testcase name="testAddBillButton" classname="tests.ViewTests.EmployeeMenuTest" time="0.117"/>
</testsuite>