-------------------------------------------------------------------------------
Test set: tests.ViewTests.CustomerMenuTest
-------------------------------------------------------------------------------
Tests run: 3, Failures: 3, Errors: 0, Skipped: 0, Time elapsed: 0 sec <<< FAILURE!
tests.ViewTests.CustomerMenuTest.testHandleUpdateCNICExpiryDate()  Time elapsed: 0 sec  <<< FAILURE!
java.lang.NullPointerException: Cannot read field "jbUpdateCNICExpiryDate" because "this.customerMenu" is null
	at tests.ViewTests.CustomerMenuTest.testHandleUpdateCNICExpiryDate(CustomerMenuTest.java:26)

tests.ViewTests.CustomerMenuTest.testHandleViewCurrentBill()  Time elapsed: 0 sec  <<< FAILURE!
java.lang.NullPointerException: Cannot read field "jbViewCurrentBill" because "this.customerMenu" is null
	at tests.ViewTests.CustomerMenuTest.testHandleViewCurrentBill(CustomerMenuTest.java:33)

tests.ViewTests.CustomerMenuTest.testHandleLogout()  Time elapsed: 0 sec  <<< FAILURE!
java.lang.NullPointerException: Cannot read field "jbLogout" because "this.customerMenu" is null
	at tests.ViewTests.CustomerMenuTest.testHandleLogout(CustomerMenuTest.java:40)

