-------------------------------------------------------------------------------
Test set: tests.ViewTests.EmployeeMenuTest
-------------------------------------------------------------------------------
Tests run: 9, Failures: 5, Errors: 1, Skipped: 0, Time elapsed: 2.046 s <<< FAILURE! -- in tests.ViewTests.EmployeeMenuTest
tests.ViewTests.EmployeeMenuTest.testViewCustomersButton -- Time elapsed: 0.187 s <<< FAILURE!
org.mockito.exceptions.verification.NoInteractionsWanted: 

No interactions wanted here:
-> at tests.ViewTests.EmployeeMenuTest.testViewCustomersButton(EmployeeMenuTest.java:77)
But found these interactions on mock 'employeeController':
-> at View.EmployeeViewCustomers.<init>(EmployeeViewCustomers.java:48)
Actually, above is the only interaction with this mock.
	at tests.ViewTests.EmployeeMenuTest.testViewCustomersButton(EmployeeMenuTest.java:77)
	at java.base/java.lang.reflect.Method.invoke(Method.java:569)
	at java.base/java.util.ArrayList.forEach(ArrayList.java:1511)
	at java.base/java.util.ArrayList.forEach(ArrayList.java:1511)

tests.ViewTests.EmployeeMenuTest.testChangePasswordButton -- Time elapsed: 0.123 s <<< FAILURE!
org.mockito.exceptions.verification.NoInteractionsWanted: 

No interactions wanted here:
-> at tests.ViewTests.EmployeeMenuTest.testChangePasswordButton(EmployeeMenuTest.java:113)
But found these interactions on mock 'employeeController':
-> at View.EmployeeChangePassword.init(EmployeeChangePassword.java:52)
Actually, above is the only interaction with this mock.
	at tests.ViewTests.EmployeeMenuTest.testChangePasswordButton(EmployeeMenuTest.java:113)
	at java.base/java.lang.reflect.Method.invoke(Method.java:569)
	at java.base/java.util.ArrayList.forEach(ArrayList.java:1511)
	at java.base/java.util.ArrayList.forEach(ArrayList.java:1511)

tests.ViewTests.EmployeeMenuTest.testViewBillsButton -- Time elapsed: 0.133 s <<< FAILURE!
org.mockito.exceptions.verification.NoInteractionsWanted: 

No interactions wanted here:
-> at tests.ViewTests.EmployeeMenuTest.testViewBillsButton(EmployeeMenuTest.java:68)
But found these interactions on mock 'employeeController':
-> at View.EmployeeViewBills.<init>(EmployeeViewBills.java:53)
Actually, above is the only interaction with this mock.
	at tests.ViewTests.EmployeeMenuTest.testViewBillsButton(EmployeeMenuTest.java:68)
	at java.base/java.lang.reflect.Method.invoke(Method.java:569)
	at java.base/java.util.ArrayList.forEach(ArrayList.java:1511)
	at java.base/java.util.ArrayList.forEach(ArrayList.java:1511)

tests.ViewTests.EmployeeMenuTest.testViewExpiringCNICReportButton -- Time elapsed: 0.095 s <<< FAILURE!
org.mockito.exceptions.verification.NoInteractionsWanted: 

No interactions wanted here:
-> at tests.ViewTests.EmployeeMenuTest.testViewExpiringCNICReportButton(EmployeeMenuTest.java:58)
But found these interactions on mock 'employeeController':
-> at View.EmployeeViewExpiringCNICReport.<init>(EmployeeViewExpiringCNICReport.java:43)
Actually, above is the only interaction with this mock.
	at tests.ViewTests.EmployeeMenuTest.testViewExpiringCNICReportButton(EmployeeMenuTest.java:58)
	at java.base/java.lang.reflect.Method.invoke(Method.java:569)
	at java.base/java.util.ArrayList.forEach(ArrayList.java:1511)
	at java.base/java.util.ArrayList.forEach(ArrayList.java:1511)

tests.ViewTests.EmployeeMenuTest.testViewBillsReportButton -- Time elapsed: 0.124 s <<< ERROR!
java.lang.IndexOutOfBoundsException: Index 0 out of bounds for length 0
	at java.base/jdk.internal.util.Preconditions.outOfBounds(Preconditions.java:64)
	at java.base/jdk.internal.util.Preconditions.outOfBoundsCheckIndex(Preconditions.java:70)
	at java.base/jdk.internal.util.Preconditions.checkIndex(Preconditions.java:266)
	at java.base/java.util.Objects.checkIndex(Objects.java:361)
	at java.base/java.util.ArrayList.get(ArrayList.java:427)
	at View.EmployeeViewBillsReport.init(EmployeeViewBillsReport.java:49)
	at View.EmployeeViewBillsReport.<init>(EmployeeViewBillsReport.java:31)
	at View.EmployeeMenu.handleViewBillsReport(EmployeeMenu.java:119)
	at View.EmployeeMenu.lambda$init$0(EmployeeMenu.java:62)
	at java.desktop/javax.swing.AbstractButton.fireActionPerformed(AbstractButton.java:1972)
	at java.desktop/javax.swing.AbstractButton$Handler.actionPerformed(AbstractButton.java:2313)
	at java.desktop/javax.swing.DefaultButtonModel.fireActionPerformed(DefaultButtonModel.java:405)
	at java.desktop/javax.swing.DefaultButtonModel.setPressed(DefaultButtonModel.java:262)
	at java.desktop/javax.swing.AbstractButton.doClick(AbstractButton.java:374)
	at java.desktop/javax.swing.AbstractButton.doClick(AbstractButton.java:354)
	at tests.ViewTests.EmployeeMenuTest.lambda$testViewBillsReportButton$2(EmployeeMenuTest.java:46)
	at java.desktop/java.awt.event.InvocationEvent.dispatch(InvocationEvent.java:308)
	at java.desktop/java.awt.EventQueue.dispatchEventImpl(EventQueue.java:773)
	at java.desktop/java.awt.EventQueue$4.run(EventQueue.java:720)
	at java.desktop/java.awt.EventQueue$4.run(EventQueue.java:714)
	at java.base/java.security.AccessController.doPrivileged(AccessController.java:399)
	at java.base/java.security.ProtectionDomain$JavaSecurityAccessImpl.doIntersectionPrivilege(ProtectionDomain.java:86)
	at java.desktop/java.awt.EventQueue.dispatchEvent(EventQueue.java:742)
	at java.desktop/java.awt.EventDispatchThread.pumpOneEventForFilters(EventDispatchThread.java:203)
	at java.desktop/java.awt.EventDispatchThread.pumpEventsForFilter(EventDispatchThread.java:124)
	at java.desktop/java.awt.EventDispatchThread.pumpEventsForHierarchy(EventDispatchThread.java:113)
	at java.desktop/java.awt.EventDispatchThread.pumpEvents(EventDispatchThread.java:109)
	at java.desktop/java.awt.EventDispatchThread.pumpEvents(EventDispatchThread.java:101)
	at java.desktop/java.awt.EventDispatchThread.run(EventDispatchThread.java:90)

tests.ViewTests.EmployeeMenuTest.testViewTarrifInfoButton -- Time elapsed: 0.140 s <<< FAILURE!
org.mockito.exceptions.verification.NoInteractionsWanted: 

No interactions wanted here:
-> at tests.ViewTests.EmployeeMenuTest.testViewTarrifInfoButton(EmployeeMenuTest.java:86)
But found these interactions on mock 'employeeController':
-> at View.EmployeeViewTarrifInfo.<init>(EmployeeViewTarrifInfo.java:49)
Actually, above is the only interaction with this mock.
	at tests.ViewTests.EmployeeMenuTest.testViewTarrifInfoButton(EmployeeMenuTest.java:86)
	at java.base/java.lang.reflect.Method.invoke(Method.java:569)
	at java.base/java.util.ArrayList.forEach(ArrayList.java:1511)
	at java.base/java.util.ArrayList.forEach(ArrayList.java:1511)

